   1               		.file	"main.c"
   2               	__SREG__ = 0x3f
   3               	__SP_H__ = 0x3e
   4               	__SP_L__ = 0x3d
   5               	__CCP__  = 0x34
   6               	__tmp_reg__ = 0
   7               	__zero_reg__ = 1
  15               	.Ltext0:
  16               	.global	main
  18               	main:
  19               	.LFB6:
  20               	.LM1:
  21 0000 1F93      		push r17
  22               	/* prologue: function */
  23               	/* frame size = 0 */
  24               	.LM2:
  25 0002 0E94 0000 		call Sleep_Init
  26               	.LM3:
  27 0006 0E94 0000 		call ProgRes_Init
  28               	.LM4:
  29 000a 0E94 0000 		call ProgRes_Disable_All
  30 000e 8FEF      		ldi r24,lo8(-1)
  31 0010 9FEF      		ldi r25,hi8(-1)
  32               	.LVL0:
  33               	.LBB12:
  34               	.LBB13:
  35               	.LBB14:
  36               	.LBB15:
  37               	.LM5:
  38 0012 28EC      		ldi r18,lo8(200)
  39 0014 30E0      		ldi r19,hi8(200)
  40               	.L2:
  41 0016 F901      		movw r30,r18
  42               	.LVL1:
  43               	/* #APP */
  44               	 ;  105 "c:/winavr-20100110/lib/gcc/../../avr/include/util/delay_basic.h" 1
  45 0018 3197      		1: sbiw r30,1
  46 001a 01F4      		brne 1b
  47               	 ;  0 "" 2
  48               	/* #NOAPP */
  49               	.LBE15:
  50               	.LBE14:
  51               	.LM6:
  52 001c 0197      		sbiw r24,1
  53               	.LM7:
  54 001e 01F4      		brne .L2
  55 0020 10E0      		ldi r17,lo8(0)
  56               	.LVL2:
  57               	.L4:
  58               	.LBE13:
  59               	.LBE12:
  60               	.LM8:
  61 0022 0E94 0000 		call WDT_Get_Ticks
  62               	.LVL3:
  63 0026 2AE0      		ldi r18,lo8(10)
  64 0028 30E0      		ldi r19,hi8(10)
  65 002a 40E0      		ldi r20,hlo8(10)
  66 002c 50E0      		ldi r21,hhi8(10)
  67 002e 0E94 0000 		call __udivmodsi4
  68 0032 6115      		cp r22,__zero_reg__
  69 0034 7105      		cpc r23,__zero_reg__
  70 0036 8105      		cpc r24,__zero_reg__
  71 0038 9105      		cpc r25,__zero_reg__
  72 003a 01F4      		brne .L3
  73               	.LM9:
  74 003c 0E94 0000 		call ProgRes_Clear_Update_Complete_Status
  75               	.LM10:
  76 0040 1F5F      		subi r17,lo8(-(1))
  77               	.LM11:
  78 0042 1331      		cpi r17,lo8(19)
  79 0044 00F0      		brlo .L3
  80 0046 11E0      		ldi r17,lo8(1)
  81               	.L3:
  82               	.LM12:
  83 0048 812F      		mov r24,r17
  84 004a 0E94 0000 		call ProgRes_Enable_Resistor_Update
  85               	.LM13:
  86 004e 0E94 0000 		call Deep_Sleep
  87 0052 00C0      		rjmp .L4
  88               	.LFE6:
 114               	.Letext0:
DEFINED SYMBOLS
                            *ABS*:00000000 main.c
C:\Users\FARIDU~1\AppData\Local\Temp/ccmzn17r.s:2      *ABS*:0000003f __SREG__
C:\Users\FARIDU~1\AppData\Local\Temp/ccmzn17r.s:3      *ABS*:0000003e __SP_H__
C:\Users\FARIDU~1\AppData\Local\Temp/ccmzn17r.s:4      *ABS*:0000003d __SP_L__
C:\Users\FARIDU~1\AppData\Local\Temp/ccmzn17r.s:5      *ABS*:00000034 __CCP__
C:\Users\FARIDU~1\AppData\Local\Temp/ccmzn17r.s:6      *ABS*:00000000 __tmp_reg__
C:\Users\FARIDU~1\AppData\Local\Temp/ccmzn17r.s:7      *ABS*:00000001 __zero_reg__
C:\Users\FARIDU~1\AppData\Local\Temp/ccmzn17r.s:18     .text:00000000 main

UNDEFINED SYMBOLS
Sleep_Init
ProgRes_Init
ProgRes_Disable_All
WDT_Get_Ticks
__udivmodsi4
ProgRes_Clear_Update_Complete_Status
ProgRes_Enable_Resistor_Update
Deep_Sleep
